<?xml version="1.0" encoding="UTF-8"?>
<!-- Generated by org.testng.reporters.JUnitReportReporter -->
<testsuite skipped="1" hostname="DESKTOP-NCQP8K2" name="BustleGroup.Test.TaskPageTest" tests="2" failures="0" timestamp="2020-08-13T18:56:09 IST" time="13.304" errors="1">
  <testcase name="driveninitialisation" time="13.304" classname="BustleGroup.Test.TaskPageTest">
    <error type="org.openqa.selenium.SessionNotCreatedException" message="session not created
from chrome not reachable
  (Session info: chrome=84.0.4147.125)
Build info: version: &#039;3.141.59&#039;, revision: &#039;e82be7d358&#039;, time: &#039;2018-11-14T08:17:03&#039;
System info: host: &#039;DESKTOP-NCQP8K2&#039;, ip: &#039;192.168.4.118&#039;, os.name: &#039;Windows 10&#039;, os.arch: &#039;amd64&#039;, os.version: &#039;10.0&#039;, java.version: &#039;1.8.0_241&#039;
Driver info: driver.version: ChromeDriver
remote stacktrace: Backtrace:
	Ordinal0 [0x00C29563+2725219]
	Ordinal0 [0x00B28551+1672529]
	Ordinal0 [0x00A10202+524802]
	Ordinal0 [0x00A099B2+498098]
	Ordinal0 [0x00A0A09B+499867]
	Ordinal0 [0x00A0AFF5+503797]
	Ordinal0 [0x00A06994+485780]
	Ordinal0 [0x00A10FF0+528368]
	Ordinal0 [0x009BD6C9+186057]
	Ordinal0 [0x009BCA3D+182845]
	Ordinal0 [0x009BA94B+174411]
	Ordinal0 [0x009A2528+75048]
	Ordinal0 [0x009A35A0+79264]
	Ordinal0 [0x009A3539+79161]
	Ordinal0 [0x00B3D607+1758727]
	GetHandleVerifier [0x00D46546+1050150]
	GetHandleVerifier [0x00D46291+1049457]
	GetHandleVerifier [0x00D510D7+1094071]
	GetHandleVerifier [0x00D46B46+1051686]
	Ordinal0 [0x00B35B06+1727238]
	Ordinal0 [0x00B3EB7B+1764219]
	Ordinal0 [0x00B3ECE3+1764579]
	Ordinal0 [0x00B54C05+1854469]
	BaseThreadInitThunk [0x758A6359+25]
	RtlGetAppContainerNamedObjectPath [0x77B17C24+228]
	RtlGetAppContainerNamedObjectPath [0x77B17BF4+180]
">
      <![CDATA[org.openqa.selenium.SessionNotCreatedException: session not created
from chrome not reachable
  (Session info: chrome=84.0.4147.125)
Build info: version: '3.141.59', revision: 'e82be7d358', time: '2018-11-14T08:17:03'
System info: host: 'DESKTOP-NCQP8K2', ip: '192.168.4.118', os.name: 'Windows 10', os.arch: 'amd64', os.version: '10.0', java.version: '1.8.0_241'
Driver info: driver.version: ChromeDriver
remote stacktrace: Backtrace:
Ordinal0 [0x00C29563+2725219]
Ordinal0 [0x00B28551+1672529]
Ordinal0 [0x00A10202+524802]
Ordinal0 [0x00A099B2+498098]
Ordinal0 [0x00A0A09B+499867]
Ordinal0 [0x00A0AFF5+503797]
Ordinal0 [0x00A06994+485780]
Ordinal0 [0x00A10FF0+528368]
Ordinal0 [0x009BD6C9+186057]
Ordinal0 [0x009BCA3D+182845]
Ordinal0 [0x009BA94B+174411]
Ordinal0 [0x009A2528+75048]
Ordinal0 [0x009A35A0+79264]
Ordinal0 [0x009A3539+79161]
Ordinal0 [0x00B3D607+1758727]
GetHandleVerifier [0x00D46546+1050150]
GetHandleVerifier [0x00D46291+1049457]
GetHandleVerifier [0x00D510D7+1094071]
GetHandleVerifier [0x00D46B46+1051686]
Ordinal0 [0x00B35B06+1727238]
Ordinal0 [0x00B3EB7B+1764219]
Ordinal0 [0x00B3ECE3+1764579]
Ordinal0 [0x00B54C05+1854469]
BaseThreadInitThunk [0x758A6359+25]
RtlGetAppContainerNamedObjectPath [0x77B17C24+228]
RtlGetAppContainerNamedObjectPath [0x77B17BF4+180]

at sun.reflect.NativeConstructorAccessorImpl.newInstance0(Native Method)
at sun.reflect.NativeConstructorAccessorImpl.newInstance(Unknown Source)
at sun.reflect.DelegatingConstructorAccessorImpl.newInstance(Unknown Source)
at java.lang.reflect.Constructor.newInstance(Unknown Source)
at org.openqa.selenium.remote.W3CHandshakeResponse.lambda$errorHandler$0(W3CHandshakeResponse.java:62)
at org.openqa.selenium.remote.HandshakeResponse.lambda$getResponseFunction$0(HandshakeResponse.java:30)
at org.openqa.selenium.remote.ProtocolHandshake.lambda$createSession$0(ProtocolHandshake.java:126)
at java.util.stream.ReferencePipeline$3$1.accept(Unknown Source)
at java.util.Spliterators$ArraySpliterator.tryAdvance(Unknown Source)
at java.util.stream.ReferencePipeline.forEachWithCancel(Unknown Source)
at java.util.stream.AbstractPipeline.copyIntoWithCancel(Unknown Source)
at java.util.stream.AbstractPipeline.copyInto(Unknown Source)
at java.util.stream.AbstractPipeline.wrapAndCopyInto(Unknown Source)
at java.util.stream.FindOps$FindOp.evaluateSequential(Unknown Source)
at java.util.stream.AbstractPipeline.evaluate(Unknown Source)
at java.util.stream.ReferencePipeline.findFirst(Unknown Source)
at org.openqa.selenium.remote.ProtocolHandshake.createSession(ProtocolHandshake.java:128)
at org.openqa.selenium.remote.ProtocolHandshake.createSession(ProtocolHandshake.java:74)
at org.openqa.selenium.remote.HttpCommandExecutor.execute(HttpCommandExecutor.java:136)
at org.openqa.selenium.remote.service.DriverCommandExecutor.execute(DriverCommandExecutor.java:83)
at org.openqa.selenium.remote.RemoteWebDriver.execute(RemoteWebDriver.java:552)
at org.openqa.selenium.remote.RemoteWebDriver.startSession(RemoteWebDriver.java:213)
at org.openqa.selenium.remote.RemoteWebDriver.<init>(RemoteWebDriver.java:131)
at org.openqa.selenium.chrome.ChromeDriver.<init>(ChromeDriver.java:181)
at org.openqa.selenium.chrome.ChromeDriver.<init>(ChromeDriver.java:168)
at org.openqa.selenium.chrome.ChromeDriver.<init>(ChromeDriver.java:123)
at Bustle.pages.BaseClass.initialisation(BaseClass.java:29)
at Bustle.pages.BaseClass.driveninitialisation(BaseClass.java:17)
at sun.reflect.NativeMethodAccessorImpl.invoke0(Native Method)
at sun.reflect.NativeMethodAccessorImpl.invoke(Unknown Source)
at sun.reflect.DelegatingMethodAccessorImpl.invoke(Unknown Source)
at java.lang.reflect.Method.invoke(Unknown Source)
at org.testng.internal.MethodInvocationHelper.invokeMethod(MethodInvocationHelper.java:132)
at org.testng.internal.MethodInvocationHelper.invokeMethodConsideringTimeout(MethodInvocationHelper.java:61)
at org.testng.internal.ConfigInvoker.invokeConfigurationMethod(ConfigInvoker.java:366)
at org.testng.internal.ConfigInvoker.invokeConfigurations(ConfigInvoker.java:320)
at org.testng.internal.TestMethodWorker.invokeBeforeClassMethods(TestMethodWorker.java:176)
at org.testng.internal.TestMethodWorker.run(TestMethodWorker.java:122)
at java.util.ArrayList.forEach(Unknown Source)
at org.testng.TestRunner.privateRun(TestRunner.java:764)
at org.testng.TestRunner.run(TestRunner.java:585)
at org.testng.SuiteRunner.runTest(SuiteRunner.java:384)
at org.testng.SuiteRunner.runSequentially(SuiteRunner.java:378)
at org.testng.SuiteRunner.privateRun(SuiteRunner.java:337)
at org.testng.SuiteRunner.run(SuiteRunner.java:286)
at org.testng.SuiteRunnerWorker.runSuite(SuiteRunnerWorker.java:53)
at org.testng.SuiteRunnerWorker.run(SuiteRunnerWorker.java:96)
at org.testng.TestNG.runSuitesSequentially(TestNG.java:1218)
at org.testng.TestNG.runSuitesLocally(TestNG.java:1140)
at org.testng.TestNG.runSuites(TestNG.java:1069)
at org.testng.TestNG.run(TestNG.java:1037)
at org.testng.remote.AbstractRemoteTestNG.run(AbstractRemoteTestNG.java:115)
at org.testng.remote.RemoteTestNG.initAndRun(RemoteTestNG.java:251)
at org.testng.remote.RemoteTestNG.main(RemoteTestNG.java:77)
]]>
    </error>
  </testcase> <!-- driveninitialisation -->
  <system-out/>
  <testcase name="AddTask1" time="0.000" classname="BustleGroup.Test.TaskPageTest">
    <skipped/>
  </testcase> <!-- AddTask1 -->
  <system-out/>
</testsuite> <!-- BustleGroup.Test.TaskPageTest -->
